<?xml version="1.0" encoding="UTF-8"?>
<!-- Generated by org.testng.reporters.JUnitReportReporter -->
<testsuite skipped="1" hostname="DESKTOP-T1Q5983" name="AddNewCustomersTests" tests="2" failures="0" timestamp="19 Apr 2019 11:34:16 GMT" time="11.534" errors="0">
  <testcase name="addNewCustomerGroup" time="11.534" classname="AddNewCustomersTests"/>
  <testcase name="addNewCustomers" time="0.000" classname="AddNewCustomersTests">
    <skipped/>
  </testcase> <!-- addNewCustomers -->
</testsuite> <!-- AddNewCustomersTests -->
