<?xml version="1.0" encoding="UTF-8"?>
<!-- Generated by org.testng.reporters.JUnitReportReporter -->
<testsuite skipped="0" hostname="DESKTOP-T1Q5983" name="NavigationBarNavigationBarTests" tests="1" failures="0" timestamp="19 Apr 2019 11:34:16 GMT" time="6.136" errors="0">
  <testcase name="testComponents" time="6.136" classname="NavigationBarNavigationBarTests"/>
</testsuite> <!-- NavigationBarNavigationBarTests -->
