<?xml version="1.0" encoding="UTF-8"?>
<!-- Generated by org.testng.reporters.JUnitReportReporter -->
<testsuite skipped="1" hostname="DESKTOP-T1Q5983" name="AddNewProductsTests" tests="1" failures="0" timestamp="19 Apr 2019 11:34:16 GMT" time="0.000" errors="0">
  <testcase name="addNewProducts" time="0.000" classname="AddNewProductsTests">
    <skipped/>
  </testcase> <!-- addNewProducts -->
</testsuite> <!-- AddNewProductsTests -->
