<?xml version="1.0" encoding="UTF-8"?>
<!-- Generated by org.testng.reporters.JUnitReportReporter -->
<testsuite skipped="0" hostname="DESKTOP-T1Q5983" name="AdminLoginLogoutTests" tests="3" failures="0" timestamp="22 Apr 2019 10:25:50 GMT" time="8.903" errors="0">
  <testcase name="adminLogout" time="5.243" classname="AdminLoginLogoutTests"/>
  <testcase name="successfulLogin" time="2.438" classname="AdminLoginLogoutTests"/>
  <testcase name="unsuccessfulLogin" time="1.222" classname="AdminLoginLogoutTests"/>
</testsuite> <!-- AdminLoginLogoutTests -->
